2023-06-29 12:15:26,866 :INFO : test_end_to_end_checkout_guest_user :Going to homepage
2023-06-29 12:15:28,206 :INFO : test_end_to_end_checkout_guest_user :Adding random product to cart
2023-06-29 12:15:28,556 :INFO : test_end_to_end_checkout_guest_user :Belt added to cart
2023-06-29 12:15:28,556 :DEBUG : test_end_to_end_checkout_guest_user :Waiting for item count in header to update
2023-06-29 12:15:29,101 :DEBUG : test_end_to_end_checkout_guest_user :Clicking on left cart button in navigation bar
2023-06-29 12:15:29,762 :DEBUG : test_end_to_end_checkout_guest_user :Getting list all product names in cart
2023-06-29 12:15:29,891 :INFO : test_end_to_end_checkout_guest_user :Asserting length of product name list equals 1
2023-06-29 12:15:29,891 :INFO : test_end_to_end_checkout_guest_user :Applying coupon code: ssqa100
2023-06-29 12:15:30,885 :INFO : test_end_to_end_checkout_guest_user :Asserting coupon success message displays
2023-06-29 12:15:30,885 :DEBUG : test_end_to_end_checkout_guest_user :Going to checkout page
2023-06-29 12:15:33,964 :DEBUG : test_end_to_end_checkout_guest_user :Filling in billing info
2023-06-29 12:15:35,260 :DEBUG : test_end_to_end_checkout_guest_user :Placing order
2023-06-29 12:15:36,047 :DEBUG : test_end_to_end_checkout_guest_user :Waiting for confirmation page to load
2023-06-29 12:15:40,130 :INFO : test_end_to_end_checkout_guest_user :Confirming order received header is present
2023-06-29 12:15:40,213 :INFO : test_end_to_end_checkout_guest_user :Confirming order number: 88 in database
2023-06-29 12:15:40,224 :INFO : test_end_to_end_checkout_guest_user :Confirming Belt associated with order number 88 in DB
2023-06-29 12:15:43,397 :DEBUG : test_login_non_existing_user :Going to my account page.
2023-06-29 12:15:44,289 :INFO : test_login_non_existing_user :Entering unregistered username/password (TestUser/TestPassword1234*) that aren't registered
2023-06-29 12:15:44,664 :DEBUG : test_login_non_existing_user :Click login button
2023-06-29 12:15:45,144 :INFO : test_login_non_existing_user :Asserting error message appears: Error: The username TestUser is not registered on this site. If you are unsure of your username, try your email address instead.
2023-06-29 12:15:47,991 :DEBUG : test_register_valid_new_user :Going to my account page
2023-06-29 12:15:49,137 :INFO : test_register_valid_new_user :Generating/inputting email: testuser_vqENIPvDxe@test.com and password: QwertyQwerty1234!@#$ 
2023-06-29 12:15:49,609 :DEBUG : test_register_valid_new_user :Clicking register button
2023-06-29 12:15:50,352 :INFO : test_register_valid_new_user :Asserting Log out button present on new page
